Using pre-set license
Built from '2021.2/staging' branch; Version is '2021.2.10f1 (ee872746220e) revision 15632167'; Using compiler version '192829333'; Build Type 'Release'
OS: 'Windows 10  (10.0.19044) 64bit Professional' Language: 'en' Physical Memory: 7973 MB
BatchMode: 1, IsHumanControllingUs: 0, StartBugReporterOnCrash: 0, Is64bit: 1, IsPro: 0

COMMAND LINE ARGUMENTS:
C:\Users\furka\Ana Programlar\Desktop\Unity Projects\Unity Kısayolları\2021.2.10f1\Editor\Unity.exe
-adb2
-batchMode
-noUpm
-name
AssetImportWorker0
-projectPath
C:/Users/furka/My_Github/The_Last_Warrior/The_Last_Warrior
-logFile
Logs/AssetImportWorker0.log
-srvPort
50192
Successfully changed project path to: C:/Users/furka/My_Github/The_Last_Warrior/The_Last_Warrior
C:/Users/furka/My_Github/The_Last_Warrior/The_Last_Warrior
[UnityMemory] Configuration Parameters - Can be set up in boot.config
    "memorysetup-bucket-allocator-granularity=16"
    "memorysetup-bucket-allocator-bucket-count=8"
    "memorysetup-bucket-allocator-block-size=33554432"
    "memorysetup-bucket-allocator-block-count=8"
    "memorysetup-main-allocator-block-size=16777216"
    "memorysetup-thread-allocator-block-size=16777216"
    "memorysetup-gfx-main-allocator-block-size=16777216"
    "memorysetup-gfx-thread-allocator-block-size=16777216"
    "memorysetup-cache-allocator-block-size=4194304"
    "memorysetup-typetree-allocator-block-size=2097152"
    "memorysetup-profiler-bucket-allocator-granularity=16"
    "memorysetup-profiler-bucket-allocator-bucket-count=8"
    "memorysetup-profiler-bucket-allocator-block-size=33554432"
    "memorysetup-profiler-bucket-allocator-block-count=8"
    "memorysetup-profiler-allocator-block-size=16777216"
    "memorysetup-profiler-editor-allocator-block-size=1048576"
    "memorysetup-temp-allocator-size-main=16777216"
    "memorysetup-job-temp-allocator-block-size=2097152"
    "memorysetup-job-temp-allocator-block-size-background=1048576"
    "memorysetup-job-temp-allocator-reduction-small-platforms=262144"
    "memorysetup-temp-allocator-size-background-worker=32768"
    "memorysetup-temp-allocator-size-job-worker=262144"
    "memorysetup-temp-allocator-size-preload-manager=33554432"
    "memorysetup-temp-allocator-size-nav-mesh-worker=65536"
    "memorysetup-temp-allocator-size-audio-worker=65536"
    "memorysetup-temp-allocator-size-cloud-worker=32768"
    "memorysetup-temp-allocator-size-gi-baking-worker=262144"
    "memorysetup-temp-allocator-size-gfx=262144"
Refreshing native plugins compatible for Editor in 176.77 ms, found 4 plugins.
Preloading 0 native plugins for Editor in 0.00 ms.
Initialize engine version: 2021.2.10f1 (ee872746220e)
[Subsystems] Discovering subsystems at path C:/Users/furka/Ana Programlar/Desktop/Unity Projects/Unity Kısayolları/2021.2.10f1/Editor/Data/Resources/UnitySubsystems
[Subsystems] Discovering subsystems at path C:/Users/furka/My_Github/The_Last_Warrior/The_Last_Warrior/Assets
GfxDevice: creating device client; threaded=0; jobified=0
Direct3D:
    Version:  Direct3D 11.0 [level 11.1]
    Renderer: NVIDIA GeForce MX330 (ID=0x1d16)
    Vendor:   NVIDIA
    VRAM:     1983 MB
    Driver:   30.0.14.7247
Initialize mono
Mono path[0] = 'C:/Users/furka/Ana Programlar/Desktop/Unity Projects/Unity Kısayolları/2021.2.10f1/Editor/Data/Managed'
Mono path[1] = 'C:/Users/furka/Ana Programlar/Desktop/Unity Projects/Unity Kısayolları/2021.2.10f1/Editor/Data/MonoBleedingEdge/lib/mono/unityjit-win32'
Mono config path = 'C:/Users/furka/Ana Programlar/Desktop/Unity Projects/Unity Kısayolları/2021.2.10f1/Editor/Data/MonoBleedingEdge/etc'
Using monoOptions --debugger-agent=transport=dt_socket,embedding=1,server=y,suspend=n,address=127.0.0.1:56420
Begin MonoManager ReloadAssembly
Registering precompiled unity dll's ...
Register platform support module: C:/Users/furka/Ana Programlar/Desktop/Unity Projects/Unity Kısayolları/2021.2.10f1/Editor/Data/PlaybackEngines/WindowsStandaloneSupport/UnityEditor.WindowsStandalone.Extensions.dll
Registered in 0.016341 seconds.
Native extension for WindowsStandalone target not found
Refreshing native plugins compatible for Editor in 138.44 ms, found 4 plugins.
Preloading 0 native plugins for Editor in 0.00 ms.
Mono: successfully reloaded assembly
- Completed reload, in  0.973 seconds
Domain Reload Profiling:
	ReloadAssembly (974ms)
		BeginReloadAssembly (156ms)
			ExecutionOrderSort (0ms)
			DisableScriptedObjects (0ms)
			BackupInstance (0ms)
			ReleaseScriptingObjects (0ms)
			CreateAndSetChildDomain (1ms)
		EndReloadAssembly (693ms)
			LoadAssemblies (154ms)
			RebuildTransferFunctionScriptingTraits (0ms)
			SetupTypeCache (163ms)
			ReleaseScriptCaches (0ms)
			RebuildScriptCaches (41ms)
			SetupLoadedEditorAssemblies (400ms)
				LogAssemblyErrors (0ms)
				InitializePlatformSupportModulesInManaged (27ms)
				SetLoadedEditorAssemblies (0ms)
				RefreshPlugins (139ms)
				BeforeProcessingInitializeOnLoad (2ms)
				ProcessInitializeOnLoadAttributes (163ms)
				ProcessInitializeOnLoadMethodAttributes (70ms)
				AfterProcessingInitializeOnLoad (0ms)
				EditorAssembliesLoaded (0ms)
			ExecutionOrderSort2 (0ms)
			AwakeInstancesAfterBackupRestoration (0ms)
Platform modules already initialized, skipping
Registering precompiled user dll's ...
Registered in 0.013133 seconds.
Begin MonoManager ReloadAssembly
Symbol file LoadedFromMemory doesn't match image C:\Users\furka\My_Github\The_Last_Warrior\The_Last_Warrior\Library\PackageCache\com.unity.visualscripting@1.7.7\Editor\VisualScripting.Core\Dependencies\YamlDotNet\Unity.VisualScripting.YamlDotNet.dll
Symbol file LoadedFromMemory doesn't match image C:\Users\furka\My_Github\The_Last_Warrior\The_Last_Warrior\Library\PackageCache\com.unity.visualscripting@1.7.7\Editor\VisualScripting.Core\Dependencies\DotNetZip\Unity.VisualScripting.IonicZip.dll
Native extension for WindowsStandalone target not found
Refreshing native plugins compatible for Editor in 138.43 ms, found 4 plugins.
Preloading 0 native plugins for Editor in 0.00 ms.
Mono: successfully reloaded assembly
Package Manager log level set to [2]
- Completed reload, in  2.519 seconds
Domain Reload Profiling:
	ReloadAssembly (2520ms)
		BeginReloadAssembly (174ms)
			ExecutionOrderSort (0ms)
			DisableScriptedObjects (8ms)
			BackupInstance (0ms)
			ReleaseScriptingObjects (0ms)
			CreateAndSetChildDomain (32ms)
		EndReloadAssembly (2194ms)
			LoadAssemblies (206ms)
			RebuildTransferFunctionScriptingTraits (0ms)
			SetupTypeCache (343ms)
			ReleaseScriptCaches (1ms)
			RebuildScriptCaches (87ms)
			SetupLoadedEditorAssemblies (1484ms)
				LogAssemblyErrors (0ms)
				InitializePlatformSupportModulesInManaged (15ms)
				SetLoadedEditorAssemblies (0ms)
				RefreshPlugins (139ms)
				BeforeProcessingInitializeOnLoad (147ms)
				ProcessInitializeOnLoadAttributes (1116ms)
				ProcessInitializeOnLoadMethodAttributes (53ms)
				AfterProcessingInitializeOnLoad (14ms)
				EditorAssembliesLoaded (0ms)
			ExecutionOrderSort2 (0ms)
			AwakeInstancesAfterBackupRestoration (12ms)
Platform modules already initialized, skipping
========================================================================
Worker process is ready to serve import requests
Launched and connected shader compiler UnityShaderCompiler.exe after 0.09 seconds
Refreshing native plugins compatible for Editor in 1.50 ms, found 4 plugins.
Preloading 0 native plugins for Editor in 0.00 ms.
Unloading 4119 Unused Serialized files (Serialized files now loaded: 0)
Unloading 57 unused Assets / (225.5 KB). Loaded Objects now: 4555.
Memory consumption went from 153.7 MB to 153.5 MB.
Total: 5.484400 ms (FindLiveObjects: 0.461400 ms CreateObjectMapping: 0.313500 ms MarkObjects: 4.485000 ms  DeleteObjects: 0.222300 ms)

AssetImportParameters requested are different than current active one (requested -> active):
  custom:video-decoder-ogg-theora: a1e56fd34408186e4bbccfd4996cb3dc -> 
  custom:container-muxer-webm: aa71ff27fc2769a1b78a27578f13a17b -> 
  custom:container-demuxer-webm: 4f35f7cbe854078d1ac9338744f61a02 -> 
  custom:video-encoder-webm-vp8: eb34c28f22e8b96e1ab97ce403110664 -> 
  custom:audio-encoder-webm-vorbis: bf7c407c2cedff20999df2af8eb42d56 -> 
  custom:framework-win-MediaFoundation: 216162199b28c13a410421893ffa2e32 -> 
  custom:container-demuxer-ogg: 62fdf1f143b41e24485cea50d1cbac27 -> 
  custom:video-decoder-webm-vp8: 9c59270c3fd7afecdb556c50c9e8de78 -> 
  custom:audio-decoder-ogg-vorbis: bf7c407c2cedff20999df2af8eb42d56 -> 
========================================================================
Received Import Request.
  Time since last request: 417526.102133 seconds.
  path: Assets/1-Scenes
  artifactKey: Guid(6dfd85869103c8947a115d1e79dd5d19) Importer(815301076,1909f56bfc062723c751e8b465ee728b)
Start importing Assets/1-Scenes using Guid(6dfd85869103c8947a115d1e79dd5d19) Importer(815301076,1909f56bfc062723c751e8b465ee728b)  -> (artifact id: '96c039cf39c8e58edb236bea32b5fd69') in 0.010117 seconds 
========================================================================
Received Import Request.
  Time since last request: 0.000033 seconds.
  path: Assets/Editor/com.unity.mobile.notifications/NotificationSettings.asset
  artifactKey: Guid(4cee8bca36f2ab74b8feb832747fa6f4) Importer(815301076,1909f56bfc062723c751e8b465ee728b)
Start importing Assets/Editor/com.unity.mobile.notifications/NotificationSettings.asset using Guid(4cee8bca36f2ab74b8feb832747fa6f4) Importer(815301076,1909f56bfc062723c751e8b465ee728b)  -> (artifact id: 'f2fb5ae93f45b8acd27d12189192f1b7') in 0.043629 seconds 
========================================================================
Received Import Request.
  Time since last request: 18.130005 seconds.
  path: Assets/2-Editor
  artifactKey: Guid(d5f603a6d141ab24db66c6bb25122fb5) Importer(815301076,1909f56bfc062723c751e8b465ee728b)
Start importing Assets/2-Editor using Guid(d5f603a6d141ab24db66c6bb25122fb5) Importer(815301076,1909f56bfc062723c751e8b465ee728b)  -> (artifact id: '586e0fb9872b88e49b2bcc61894ddea8') in 0.002129 seconds 
========================================================================
Received Import Request.
  Time since last request: 6.506185 seconds.
  path: Assets/Adaptive Performance/Settings
  artifactKey: Guid(d7dfeccae7754494697ae518b9ce12d0) Importer(815301076,1909f56bfc062723c751e8b465ee728b)
Start importing Assets/Adaptive Performance/Settings using Guid(d7dfeccae7754494697ae518b9ce12d0) Importer(815301076,1909f56bfc062723c751e8b465ee728b)  -> (artifact id: '55cef13c2876cf9f59e3e55e9eb0da1d') in 0.003204 seconds 
========================================================================
Received Import Request.
  Time since last request: 0.036023 seconds.
  path: Assets/Adaptive Performance/Settings/Simulator Provider Settings.asset
  artifactKey: Guid(4d045a36e174b864ea7318bf079558cf) Importer(815301076,1909f56bfc062723c751e8b465ee728b)
Start importing Assets/Adaptive Performance/Settings/Simulator Provider Settings.asset using Guid(4d045a36e174b864ea7318bf079558cf) Importer(815301076,1909f56bfc062723c751e8b465ee728b)  -> (artifact id: 'fa27a4e76a5652e7494847a7996ea06a') in 0.006011 seconds 
========================================================================
Received Import Request.
  Time since last request: 11.142717 seconds.
  path: Assets/3- Scripts
  artifactKey: Guid(b2ca8618f9eb51f42905408ed222a02e) Importer(815301076,1909f56bfc062723c751e8b465ee728b)
Start importing Assets/3- Scripts using Guid(b2ca8618f9eb51f42905408ed222a02e) Importer(815301076,1909f56bfc062723c751e8b465ee728b)  -> (artifact id: '751deb542906efa4de6753afed23f740') in 0.003798 seconds 
========================================================================
Received Import Request.
  Time since last request: 109.420454 seconds.
  path: Assets/3- Scripts 1
  artifactKey: Guid(5b6271dd17ee1b1468be5a06ae0ddf11) Importer(815301076,1909f56bfc062723c751e8b465ee728b)
Start importing Assets/3- Scripts 1 using Guid(5b6271dd17ee1b1468be5a06ae0ddf11) Importer(815301076,1909f56bfc062723c751e8b465ee728b)  -> (artifact id: 'e1f82caff06dce6acbfeeff1bcc090d2') in 0.003910 seconds 
========================================================================
Received Import Request.
  Time since last request: 0.783803 seconds.
  path: Assets/3- Scripts 2
  artifactKey: Guid(2528199c613d01944b1a43cfe957cbd9) Importer(815301076,1909f56bfc062723c751e8b465ee728b)
Start importing Assets/3- Scripts 2 using Guid(2528199c613d01944b1a43cfe957cbd9) Importer(815301076,1909f56bfc062723c751e8b465ee728b)  -> (artifact id: '429a8e141e673569223c2a9ac0341ec1') in 0.005206 seconds 
========================================================================
Received Import Request.
  Time since last request: 0.411011 seconds.
  path: Assets/3- Scripts 3
  artifactKey: Guid(b3feb628617b7d347823b2510c7d8cfb) Importer(815301076,1909f56bfc062723c751e8b465ee728b)
Start importing Assets/3- Scripts 3 using Guid(b3feb628617b7d347823b2510c7d8cfb) Importer(815301076,1909f56bfc062723c751e8b465ee728b)  -> (artifact id: '84de3c40cb59f899007824aa9b92eccf') in 0.002275 seconds 
========================================================================
Received Import Request.
  Time since last request: 0.449111 seconds.
  path: Assets/3- Scripts 4
  artifactKey: Guid(44fddfd9872cf5f49a2b8f3321227465) Importer(815301076,1909f56bfc062723c751e8b465ee728b)
Start importing Assets/3- Scripts 4 using Guid(44fddfd9872cf5f49a2b8f3321227465) Importer(815301076,1909f56bfc062723c751e8b465ee728b)  -> (artifact id: 'f50e8d653767d76fef63e33d40a6de38') in 0.002334 seconds 
========================================================================
Received Import Request.
  Time since last request: 1.743010 seconds.
  path: Assets/3- Scripts 5
  artifactKey: Guid(e445b460a0e3d8a48ac016150d95ef51) Importer(815301076,1909f56bfc062723c751e8b465ee728b)
Start importing Assets/3- Scripts 5 using Guid(e445b460a0e3d8a48ac016150d95ef51) Importer(815301076,1909f56bfc062723c751e8b465ee728b)  -> (artifact id: '055bd32018f9d9d4e3c938f57d9f66d9') in 0.003348 seconds 
========================================================================
Received Import Request.
  Time since last request: 79.491886 seconds.
  path: Assets/4-Prefabs
  artifactKey: Guid(5b6271dd17ee1b1468be5a06ae0ddf11) Importer(815301076,1909f56bfc062723c751e8b465ee728b)
Start importing Assets/4-Prefabs using Guid(5b6271dd17ee1b1468be5a06ae0ddf11) Importer(815301076,1909f56bfc062723c751e8b465ee728b)  -> (artifact id: 'b86560f9bc81a0bd1e0c30832227de57') in 0.002445 seconds 
========================================================================
Received Import Request.
  Time since last request: 6.537477 seconds.
  path: Assets/5-Materials
  artifactKey: Guid(2528199c613d01944b1a43cfe957cbd9) Importer(815301076,1909f56bfc062723c751e8b465ee728b)
Start importing Assets/5-Materials using Guid(2528199c613d01944b1a43cfe957cbd9) Importer(815301076,1909f56bfc062723c751e8b465ee728b)  -> (artifact id: 'c96b1c045caaf9cc799953bc5acfae1b') in 0.003941 seconds 
========================================================================
Received Import Request.
  Time since last request: 16.082070 seconds.
  path: Assets/2-System
  artifactKey: Guid(d5f603a6d141ab24db66c6bb25122fb5) Importer(815301076,1909f56bfc062723c751e8b465ee728b)
Start importing Assets/2-System using Guid(d5f603a6d141ab24db66c6bb25122fb5) Importer(815301076,1909f56bfc062723c751e8b465ee728b)  -> (artifact id: '7b7cbfb267d4ffbcd8e9a37770aeeef7') in 0.005012 seconds 
========================================================================
Received Import Request.
  Time since last request: 16.423152 seconds.
  path: Assets/6-Sounds
  artifactKey: Guid(b3feb628617b7d347823b2510c7d8cfb) Importer(815301076,1909f56bfc062723c751e8b465ee728b)
Start importing Assets/6-Sounds using Guid(b3feb628617b7d347823b2510c7d8cfb) Importer(815301076,1909f56bfc062723c751e8b465ee728b)  -> (artifact id: 'e27f3d53e22b68f436be3a4c53bc601f') in 0.001881 seconds 
========================================================================
Received Import Request.
  Time since last request: 19.741412 seconds.
  path: Assets/7-Sounds
  artifactKey: Guid(b3feb628617b7d347823b2510c7d8cfb) Importer(815301076,1909f56bfc062723c751e8b465ee728b)
Start importing Assets/7-Sounds using Guid(b3feb628617b7d347823b2510c7d8cfb) Importer(815301076,1909f56bfc062723c751e8b465ee728b)  -> (artifact id: '405485ab8ee5945d12529f8d39fe0c72') in 0.003234 seconds 
========================================================================
Received Import Request.
  Time since last request: 7.556272 seconds.
  path: Assets/7-Sounds 1
  artifactKey: Guid(b48a9c9255c58994b964cd5a5aabaa66) Importer(815301076,1909f56bfc062723c751e8b465ee728b)
Start importing Assets/7-Sounds 1 using Guid(b48a9c9255c58994b964cd5a5aabaa66) Importer(815301076,1909f56bfc062723c751e8b465ee728b)  -> (artifact id: '8fa886b5a3a5e2f1da6b763f6397bbca') in 0.003008 seconds 
========================================================================
Received Import Request.
  Time since last request: 2.860742 seconds.
  path: Assets/5-Sprites
  artifactKey: Guid(b48a9c9255c58994b964cd5a5aabaa66) Importer(815301076,1909f56bfc062723c751e8b465ee728b)
Start importing Assets/5-Sprites using Guid(b48a9c9255c58994b964cd5a5aabaa66) Importer(815301076,1909f56bfc062723c751e8b465ee728b)  -> (artifact id: '972180775bb9b62b45336b8e209f94cf') in 0.002701 seconds 
========================================================================
Received Import Request.
  Time since last request: 2.736812 seconds.
  path: Assets/6-Materials
  artifactKey: Guid(2528199c613d01944b1a43cfe957cbd9) Importer(815301076,1909f56bfc062723c751e8b465ee728b)
Start importing Assets/6-Materials using Guid(2528199c613d01944b1a43cfe957cbd9) Importer(815301076,1909f56bfc062723c751e8b465ee728b)  -> (artifact id: 'de4c0e46f7cbdbc2b0c4a2a2d4020b1e') in 0.002032 seconds 
========================================================================
Received Import Request.
  Time since last request: 546.955650 seconds.
  path: Assets/New Folder
  artifactKey: Guid(a7945b313d3ca534a9436ffec902e6b0) Importer(815301076,1909f56bfc062723c751e8b465ee728b)
Start importing Assets/New Folder using Guid(a7945b313d3ca534a9436ffec902e6b0) Importer(815301076,1909f56bfc062723c751e8b465ee728b)  -> (artifact id: 'f762f835523444a80266545aabaef8d3') in 0.004614 seconds 
========================================================================
Received Import Request.
  Time since last request: 29.500065 seconds.
  path: Assets/2-System/Unity_Default
  artifactKey: Guid(7e3dea3d78ef734498c99c28fc67bfbc) Importer(815301076,1909f56bfc062723c751e8b465ee728b)
Start importing Assets/2-System/Unity_Default using Guid(7e3dea3d78ef734498c99c28fc67bfbc) Importer(815301076,1909f56bfc062723c751e8b465ee728b)  -> (artifact id: 'b81640f1a31d57201cdaa52f8b0f54ec') in 0.002737 seconds 
========================================================================
Received Import Request.
  Time since last request: 33.737339 seconds.
  path: Assets/2-System/2-Project's_System_Files
  artifactKey: Guid(33628f98bc587304b986b9a68a2591d1) Importer(815301076,1909f56bfc062723c751e8b465ee728b)
Start importing Assets/2-System/2-Project's_System_Files using Guid(33628f98bc587304b986b9a68a2591d1) Importer(815301076,1909f56bfc062723c751e8b465ee728b)  -> (artifact id: '96b8ecc3999a504806139b175b95b38a') in 0.003144 seconds 
========================================================================
Received Import Request.
  Time since last request: 3.151715 seconds.
  path: Assets/2-System/1-Unity_Default
  artifactKey: Guid(7e3dea3d78ef734498c99c28fc67bfbc) Importer(815301076,1909f56bfc062723c751e8b465ee728b)
Start importing Assets/2-System/1-Unity_Default using Guid(7e3dea3d78ef734498c99c28fc67bfbc) Importer(815301076,1909f56bfc062723c751e8b465ee728b)  -> (artifact id: '719d4383774d8a274cf896993faad634') in 0.002478 seconds 
========================================================================
Received Import Request.
  Time since last request: 10.885946 seconds.
  path: Assets/8-Sounds
  artifactKey: Guid(b3feb628617b7d347823b2510c7d8cfb) Importer(815301076,1909f56bfc062723c751e8b465ee728b)
Start importing Assets/8-Sounds using Guid(b3feb628617b7d347823b2510c7d8cfb) Importer(815301076,1909f56bfc062723c751e8b465ee728b)  -> (artifact id: '1bfc273fd30763d63b4bcf06c78dc7e1') in 0.004152 seconds 
========================================================================
Received Import Request.
  Time since last request: 11.304880 seconds.
  path: Assets/Animations
  artifactKey: Guid(c316231931e63794c8b4754f0d15e370) Importer(815301076,1909f56bfc062723c751e8b465ee728b)
Start importing Assets/Animations using Guid(c316231931e63794c8b4754f0d15e370) Importer(815301076,1909f56bfc062723c751e8b465ee728b)  -> (artifact id: '3f836b6ddf7fd2169db50c5a7dc47ebf') in 0.002027 seconds 
========================================================================
Received Import Request.
  Time since last request: 2.282466 seconds.
  path: Assets/7-Animations
  artifactKey: Guid(c316231931e63794c8b4754f0d15e370) Importer(815301076,1909f56bfc062723c751e8b465ee728b)
Start importing Assets/7-Animations using Guid(c316231931e63794c8b4754f0d15e370) Importer(815301076,1909f56bfc062723c751e8b465ee728b)  -> (artifact id: 'a90f5cb7d916d21c0e7c0e081de9caa0') in 0.003315 seconds 
