Using pre-set license
Built from '2021.2/staging' branch; Version is '2021.2.10f1 (ee872746220e) revision 15632167'; Using compiler version '192829333'; Build Type 'Release'
OS: 'Windows 10  (10.0.19044) 64bit Professional' Language: 'en' Physical Memory: 7973 MB
BatchMode: 1, IsHumanControllingUs: 0, StartBugReporterOnCrash: 0, Is64bit: 1, IsPro: 0

COMMAND LINE ARGUMENTS:
C:\Users\furka\Ana Programlar\Desktop\Unity Projects\Unity Kısayolları\2021.2.10f1\Editor\Unity.exe
-adb2
-batchMode
-noUpm
-name
AssetImportWorker0
-projectPath
C:/Users/furka/My_Github/The_Last_Warrior/The_Last_Warrior
-logFile
Logs/AssetImportWorker0.log
-srvPort
49604
Successfully changed project path to: C:/Users/furka/My_Github/The_Last_Warrior/The_Last_Warrior
C:/Users/furka/My_Github/The_Last_Warrior/The_Last_Warrior
[UnityMemory] Configuration Parameters - Can be set up in boot.config
    "memorysetup-bucket-allocator-granularity=16"
    "memorysetup-bucket-allocator-bucket-count=8"
    "memorysetup-bucket-allocator-block-size=33554432"
    "memorysetup-bucket-allocator-block-count=8"
    "memorysetup-main-allocator-block-size=16777216"
    "memorysetup-thread-allocator-block-size=16777216"
    "memorysetup-gfx-main-allocator-block-size=16777216"
    "memorysetup-gfx-thread-allocator-block-size=16777216"
    "memorysetup-cache-allocator-block-size=4194304"
    "memorysetup-typetree-allocator-block-size=2097152"
    "memorysetup-profiler-bucket-allocator-granularity=16"
    "memorysetup-profiler-bucket-allocator-bucket-count=8"
    "memorysetup-profiler-bucket-allocator-block-size=33554432"
    "memorysetup-profiler-bucket-allocator-block-count=8"
    "memorysetup-profiler-allocator-block-size=16777216"
    "memorysetup-profiler-editor-allocator-block-size=1048576"
    "memorysetup-temp-allocator-size-main=16777216"
    "memorysetup-job-temp-allocator-block-size=2097152"
    "memorysetup-job-temp-allocator-block-size-background=1048576"
    "memorysetup-job-temp-allocator-reduction-small-platforms=262144"
    "memorysetup-temp-allocator-size-background-worker=32768"
    "memorysetup-temp-allocator-size-job-worker=262144"
    "memorysetup-temp-allocator-size-preload-manager=33554432"
    "memorysetup-temp-allocator-size-nav-mesh-worker=65536"
    "memorysetup-temp-allocator-size-audio-worker=65536"
    "memorysetup-temp-allocator-size-cloud-worker=32768"
    "memorysetup-temp-allocator-size-gi-baking-worker=262144"
    "memorysetup-temp-allocator-size-gfx=262144"
Refreshing native plugins compatible for Editor in 132.45 ms, found 4 plugins.
Preloading 0 native plugins for Editor in 0.00 ms.
Initialize engine version: 2021.2.10f1 (ee872746220e)
[Subsystems] Discovering subsystems at path C:/Users/furka/Ana Programlar/Desktop/Unity Projects/Unity Kısayolları/2021.2.10f1/Editor/Data/Resources/UnitySubsystems
[Subsystems] Discovering subsystems at path C:/Users/furka/My_Github/The_Last_Warrior/The_Last_Warrior/Assets
GfxDevice: creating device client; threaded=0; jobified=0
Direct3D:
    Version:  Direct3D 11.0 [level 11.1]
    Renderer: NVIDIA GeForce MX330 (ID=0x1d16)
    Vendor:   NVIDIA
    VRAM:     1983 MB
    Driver:   30.0.14.7247
Initialize mono
Mono path[0] = 'C:/Users/furka/Ana Programlar/Desktop/Unity Projects/Unity Kısayolları/2021.2.10f1/Editor/Data/Managed'
Mono path[1] = 'C:/Users/furka/Ana Programlar/Desktop/Unity Projects/Unity Kısayolları/2021.2.10f1/Editor/Data/MonoBleedingEdge/lib/mono/unityjit-win32'
Mono config path = 'C:/Users/furka/Ana Programlar/Desktop/Unity Projects/Unity Kısayolları/2021.2.10f1/Editor/Data/MonoBleedingEdge/etc'
Using monoOptions --debugger-agent=transport=dt_socket,embedding=1,server=y,suspend=n,address=127.0.0.1:56844
Begin MonoManager ReloadAssembly
Registering precompiled unity dll's ...
Register platform support module: C:/Users/furka/Ana Programlar/Desktop/Unity Projects/Unity Kısayolları/2021.2.10f1/Editor/Data/PlaybackEngines/WindowsStandaloneSupport/UnityEditor.WindowsStandalone.Extensions.dll
Registered in 0.011791 seconds.
Native extension for WindowsStandalone target not found
Refreshing native plugins compatible for Editor in 135.81 ms, found 4 plugins.
Preloading 0 native plugins for Editor in 0.00 ms.
Mono: successfully reloaded assembly
- Completed reload, in  0.870 seconds
Domain Reload Profiling:
	ReloadAssembly (871ms)
		BeginReloadAssembly (103ms)
			ExecutionOrderSort (0ms)
			DisableScriptedObjects (0ms)
			BackupInstance (0ms)
			ReleaseScriptingObjects (0ms)
			CreateAndSetChildDomain (1ms)
		EndReloadAssembly (647ms)
			LoadAssemblies (100ms)
			RebuildTransferFunctionScriptingTraits (0ms)
			SetupTypeCache (146ms)
			ReleaseScriptCaches (0ms)
			RebuildScriptCaches (35ms)
			SetupLoadedEditorAssemblies (393ms)
				LogAssemblyErrors (0ms)
				InitializePlatformSupportModulesInManaged (23ms)
				SetLoadedEditorAssemblies (0ms)
				RefreshPlugins (136ms)
				BeforeProcessingInitializeOnLoad (1ms)
				ProcessInitializeOnLoadAttributes (166ms)
				ProcessInitializeOnLoadMethodAttributes (65ms)
				AfterProcessingInitializeOnLoad (0ms)
				EditorAssembliesLoaded (0ms)
			ExecutionOrderSort2 (0ms)
			AwakeInstancesAfterBackupRestoration (0ms)
Platform modules already initialized, skipping
Registering precompiled user dll's ...
Registered in 0.009166 seconds.
Begin MonoManager ReloadAssembly
Symbol file LoadedFromMemory doesn't match image C:\Users\furka\My_Github\The_Last_Warrior\The_Last_Warrior\Library\PackageCache\com.unity.visualscripting@1.7.7\Editor\VisualScripting.Core\Dependencies\YamlDotNet\Unity.VisualScripting.YamlDotNet.dll
Symbol file LoadedFromMemory doesn't match image C:\Users\furka\My_Github\The_Last_Warrior\The_Last_Warrior\Library\PackageCache\com.unity.visualscripting@1.7.7\Editor\VisualScripting.Core\Dependencies\DotNetZip\Unity.VisualScripting.IonicZip.dll
Native extension for WindowsStandalone target not found
Refreshing native plugins compatible for Editor in 135.28 ms, found 4 plugins.
Preloading 0 native plugins for Editor in 0.00 ms.
Mono: successfully reloaded assembly
Package Manager log level set to [2]
- Completed reload, in  2.647 seconds
Domain Reload Profiling:
	ReloadAssembly (2648ms)
		BeginReloadAssembly (146ms)
			ExecutionOrderSort (0ms)
			DisableScriptedObjects (7ms)
			BackupInstance (0ms)
			ReleaseScriptingObjects (0ms)
			CreateAndSetChildDomain (23ms)
		EndReloadAssembly (2339ms)
			LoadAssemblies (114ms)
			RebuildTransferFunctionScriptingTraits (0ms)
			SetupTypeCache (311ms)
			ReleaseScriptCaches (1ms)
			RebuildScriptCaches (70ms)
			SetupLoadedEditorAssemblies (1776ms)
				LogAssemblyErrors (0ms)
				InitializePlatformSupportModulesInManaged (15ms)
				SetLoadedEditorAssemblies (0ms)
				RefreshPlugins (135ms)
				BeforeProcessingInitializeOnLoad (206ms)
				ProcessInitializeOnLoadAttributes (1362ms)
				ProcessInitializeOnLoadMethodAttributes (45ms)
				AfterProcessingInitializeOnLoad (12ms)
				EditorAssembliesLoaded (0ms)
			ExecutionOrderSort2 (0ms)
			AwakeInstancesAfterBackupRestoration (11ms)
Platform modules already initialized, skipping
========================================================================
Worker process is ready to serve import requests
Launched and connected shader compiler UnityShaderCompiler.exe after 0.08 seconds
Refreshing native plugins compatible for Editor in 0.94 ms, found 4 plugins.
Preloading 0 native plugins for Editor in 0.00 ms.
Unloading 4119 Unused Serialized files (Serialized files now loaded: 0)
Unloading 57 unused Assets / (225.5 KB). Loaded Objects now: 4555.
Memory consumption went from 153.7 MB to 153.5 MB.
Total: 4.082400 ms (FindLiveObjects: 0.345500 ms CreateObjectMapping: 0.187800 ms MarkObjects: 3.303400 ms  DeleteObjects: 0.244200 ms)

AssetImportParameters requested are different than current active one (requested -> active):
  custom:video-decoder-ogg-theora: a1e56fd34408186e4bbccfd4996cb3dc -> 
  custom:container-muxer-webm: aa71ff27fc2769a1b78a27578f13a17b -> 
  custom:container-demuxer-webm: 4f35f7cbe854078d1ac9338744f61a02 -> 
  custom:video-encoder-webm-vp8: eb34c28f22e8b96e1ab97ce403110664 -> 
  custom:audio-encoder-webm-vorbis: bf7c407c2cedff20999df2af8eb42d56 -> 
  custom:framework-win-MediaFoundation: 216162199b28c13a410421893ffa2e32 -> 
  custom:container-demuxer-ogg: 62fdf1f143b41e24485cea50d1cbac27 -> 
  custom:video-decoder-webm-vp8: 9c59270c3fd7afecdb556c50c9e8de78 -> 
  custom:audio-decoder-ogg-vorbis: bf7c407c2cedff20999df2af8eb42d56 -> 
========================================================================
Received Import Request.
  Time since last request: 422532.244005 seconds.
  path: Assets/7-Animations
  artifactKey: Guid(c316231931e63794c8b4754f0d15e370) Importer(815301076,1909f56bfc062723c751e8b465ee728b)
Start importing Assets/7-Animations using Guid(c316231931e63794c8b4754f0d15e370) Importer(815301076,1909f56bfc062723c751e8b465ee728b)  -> (artifact id: '611d7795216f59b6be1e1cebb4f513cf') in 0.017909 seconds 
========================================================================
Received Import Request.
  Time since last request: 3.107998 seconds.
  path: Assets/5-Sprites
  artifactKey: Guid(b48a9c9255c58994b964cd5a5aabaa66) Importer(815301076,1909f56bfc062723c751e8b465ee728b)
Start importing Assets/5-Sprites using Guid(b48a9c9255c58994b964cd5a5aabaa66) Importer(815301076,1909f56bfc062723c751e8b465ee728b)  -> (artifact id: '7370e4ef3ed6c382d47f40d03be236a2') in 0.008122 seconds 
========================================================================
Received Import Request.
  Time since last request: 4.196537 seconds.
  path: Assets/5-Sprites/Character
  artifactKey: Guid(2b6ab5f4ec86f9242adc4dc2000bcc73) Importer(815301076,1909f56bfc062723c751e8b465ee728b)
Start importing Assets/5-Sprites/Character using Guid(2b6ab5f4ec86f9242adc4dc2000bcc73) Importer(815301076,1909f56bfc062723c751e8b465ee728b)  -> (artifact id: '199becedbb6a037c9a10b4b9182d7adc') in 0.003508 seconds 
========================================================================
Received Import Request.
  Time since last request: 3.195306 seconds.
  path: Assets/5-Sprites/Player
  artifactKey: Guid(2b6ab5f4ec86f9242adc4dc2000bcc73) Importer(815301076,1909f56bfc062723c751e8b465ee728b)
Start importing Assets/5-Sprites/Player using Guid(2b6ab5f4ec86f9242adc4dc2000bcc73) Importer(815301076,1909f56bfc062723c751e8b465ee728b)  -> (artifact id: '8ab4859b69f49b0e99900f70d9368743') in 0.005007 seconds 
========================================================================
Received Import Request.
  Time since last request: 5.172732 seconds.
  path: Assets/5-Sprites/Player/soldier_legs_0001.png
  artifactKey: Guid(9d9d14957c30b3347bea2db50118b06f) Importer(815301076,1909f56bfc062723c751e8b465ee728b)
Start importing Assets/5-Sprites/Player/soldier_legs_0001.png using Guid(9d9d14957c30b3347bea2db50118b06f) Importer(815301076,1909f56bfc062723c751e8b465ee728b)  -> (artifact id: '195ef367ae7cbe9385502c53c6a8732e') in 0.157175 seconds 
========================================================================
Received Import Request.
  Time since last request: 0.000044 seconds.
  path: Assets/5-Sprites/Player/soldier_legs_0004.png
  artifactKey: Guid(729755e9dd175944085cbc874fe15e1b) Importer(815301076,1909f56bfc062723c751e8b465ee728b)
Start importing Assets/5-Sprites/Player/soldier_legs_0004.png using Guid(729755e9dd175944085cbc874fe15e1b) Importer(815301076,1909f56bfc062723c751e8b465ee728b)  -> (artifact id: '7b8b2512be89dbd0959b1c5c8f0bebde') in 0.028323 seconds 
========================================================================
Received Import Request.
  Time since last request: 0.000052 seconds.
  path: Assets/5-Sprites/Player/soldier_torso_2h.png
  artifactKey: Guid(9ac4dbb63229cf140bcfb66bbd6b4425) Importer(815301076,1909f56bfc062723c751e8b465ee728b)
Start importing Assets/5-Sprites/Player/soldier_torso_2h.png using Guid(9ac4dbb63229cf140bcfb66bbd6b4425) Importer(815301076,1909f56bfc062723c751e8b465ee728b)  -> (artifact id: '57bfd8d42fe2f223a1859cc8dba4df01') in 0.027543 seconds 
========================================================================
Received Import Request.
  Time since last request: 0.000038 seconds.
  path: Assets/5-Sprites/Player/soldier_torso_DW.png
  artifactKey: Guid(0eb16f0de63830e46ba15e630fce60f0) Importer(815301076,1909f56bfc062723c751e8b465ee728b)
Start importing Assets/5-Sprites/Player/soldier_torso_DW.png using Guid(0eb16f0de63830e46ba15e630fce60f0) Importer(815301076,1909f56bfc062723c751e8b465ee728b)  -> (artifact id: '7c525b88fb451e2088bf70e4a63f0e88') in 0.023168 seconds 
========================================================================
Received Import Request.
  Time since last request: 36.890909 seconds.
  path: Assets/5-Sprites/Player/soldier_torso_2h.png
  artifactKey: Guid(9ac4dbb63229cf140bcfb66bbd6b4425) Importer(815301076,1909f56bfc062723c751e8b465ee728b)
Start importing Assets/5-Sprites/Player/soldier_torso_2h.png using Guid(9ac4dbb63229cf140bcfb66bbd6b4425) Importer(815301076,1909f56bfc062723c751e8b465ee728b)  -> (artifact id: '00787de248b5098c3a175452faada67e') in 0.012402 seconds 
========================================================================
Received Import Request.
  Time since last request: 0.017789 seconds.
  path: Assets/5-Sprites/Player/soldier_legs_0001.png
  artifactKey: Guid(9d9d14957c30b3347bea2db50118b06f) Importer(815301076,1909f56bfc062723c751e8b465ee728b)
Start importing Assets/5-Sprites/Player/soldier_legs_0001.png using Guid(9d9d14957c30b3347bea2db50118b06f) Importer(815301076,1909f56bfc062723c751e8b465ee728b)  -> (artifact id: '4c0db36f03370da1913eed0ea408c034') in 0.019932 seconds 
========================================================================
Received Import Request.
  Time since last request: 0.000028 seconds.
  path: Assets/5-Sprites/Player/soldier_legs_0004.png
  artifactKey: Guid(729755e9dd175944085cbc874fe15e1b) Importer(815301076,1909f56bfc062723c751e8b465ee728b)
Start importing Assets/5-Sprites/Player/soldier_legs_0004.png using Guid(729755e9dd175944085cbc874fe15e1b) Importer(815301076,1909f56bfc062723c751e8b465ee728b)  -> (artifact id: 'c5e91f1fd7e6dfd13ba2a0252e231705') in 0.014353 seconds 
========================================================================
Received Import Request.
  Time since last request: 0.000029 seconds.
  path: Assets/5-Sprites/Player/soldier_torso_DW.png
  artifactKey: Guid(0eb16f0de63830e46ba15e630fce60f0) Importer(815301076,1909f56bfc062723c751e8b465ee728b)
Start importing Assets/5-Sprites/Player/soldier_torso_DW.png using Guid(0eb16f0de63830e46ba15e630fce60f0) Importer(815301076,1909f56bfc062723c751e8b465ee728b)  -> (artifact id: '1a4d6a3353e55a62f9d46d3192f78e98') in 0.017190 seconds 
========================================================================
Received Import Request.
  Time since last request: 21.822558 seconds.
  path: Assets/5-Sprites/Player/soldier_torso_2h.png
  artifactKey: Guid(9ac4dbb63229cf140bcfb66bbd6b4425) Importer(815301076,1909f56bfc062723c751e8b465ee728b)
Start importing Assets/5-Sprites/Player/soldier_torso_2h.png using Guid(9ac4dbb63229cf140bcfb66bbd6b4425) Importer(815301076,1909f56bfc062723c751e8b465ee728b)  -> (artifact id: '2fcea5fc94ae2574d2b1e20a3ef1d2d5') in 0.011308 seconds 
========================================================================
Received Import Request.
  Time since last request: 0.015523 seconds.
  path: Assets/5-Sprites/Player/soldier_legs_0001.png
  artifactKey: Guid(9d9d14957c30b3347bea2db50118b06f) Importer(815301076,1909f56bfc062723c751e8b465ee728b)
Start importing Assets/5-Sprites/Player/soldier_legs_0001.png using Guid(9d9d14957c30b3347bea2db50118b06f) Importer(815301076,1909f56bfc062723c751e8b465ee728b)  -> (artifact id: '526718f642c0ca1e509c2e948329b0c7') in 0.020386 seconds 
========================================================================
Received Import Request.
  Time since last request: 0.000029 seconds.
  path: Assets/5-Sprites/Player/soldier_legs_0004.png
  artifactKey: Guid(729755e9dd175944085cbc874fe15e1b) Importer(815301076,1909f56bfc062723c751e8b465ee728b)
Start importing Assets/5-Sprites/Player/soldier_legs_0004.png using Guid(729755e9dd175944085cbc874fe15e1b) Importer(815301076,1909f56bfc062723c751e8b465ee728b)  -> (artifact id: 'c5e87ee64b4b1aa52a6984562d2e5879') in 0.013381 seconds 
========================================================================
Received Import Request.
  Time since last request: 0.000047 seconds.
  path: Assets/5-Sprites/Player/soldier_torso_DW.png
  artifactKey: Guid(0eb16f0de63830e46ba15e630fce60f0) Importer(815301076,1909f56bfc062723c751e8b465ee728b)
Start importing Assets/5-Sprites/Player/soldier_torso_DW.png using Guid(0eb16f0de63830e46ba15e630fce60f0) Importer(815301076,1909f56bfc062723c751e8b465ee728b)  -> (artifact id: 'f8ece7d95ed580364ae478dd1599035d') in 0.014934 seconds 
========================================================================
Received Import Request.
  Time since last request: 52.842940 seconds.
  path: Assets/5-Sprites/Player/soldier_torso_2h.png
  artifactKey: Guid(9ac4dbb63229cf140bcfb66bbd6b4425) Importer(815301076,1909f56bfc062723c751e8b465ee728b)
Start importing Assets/5-Sprites/Player/soldier_torso_2h.png using Guid(9ac4dbb63229cf140bcfb66bbd6b4425) Importer(815301076,1909f56bfc062723c751e8b465ee728b)  -> (artifact id: '78a17a46868cc7e2c00cb7531a048a6c') in 0.016180 seconds 
========================================================================
Received Import Request.
  Time since last request: 0.015259 seconds.
  path: Assets/5-Sprites/Player/soldier_legs_0001.png
  artifactKey: Guid(9d9d14957c30b3347bea2db50118b06f) Importer(815301076,1909f56bfc062723c751e8b465ee728b)
Start importing Assets/5-Sprites/Player/soldier_legs_0001.png using Guid(9d9d14957c30b3347bea2db50118b06f) Importer(815301076,1909f56bfc062723c751e8b465ee728b)  -> (artifact id: 'afff8e87f6e4e60c7f5b725f5a40c050') in 0.017071 seconds 
========================================================================
Received Import Request.
  Time since last request: 0.000034 seconds.
  path: Assets/5-Sprites/Player/soldier_legs_0004.png
  artifactKey: Guid(729755e9dd175944085cbc874fe15e1b) Importer(815301076,1909f56bfc062723c751e8b465ee728b)
Start importing Assets/5-Sprites/Player/soldier_legs_0004.png using Guid(729755e9dd175944085cbc874fe15e1b) Importer(815301076,1909f56bfc062723c751e8b465ee728b)  -> (artifact id: 'd1553a872cad7117fff606d5807c0d23') in 0.024288 seconds 
========================================================================
Received Import Request.
  Time since last request: 0.000038 seconds.
  path: Assets/5-Sprites/Player/soldier_torso_DW.png
  artifactKey: Guid(0eb16f0de63830e46ba15e630fce60f0) Importer(815301076,1909f56bfc062723c751e8b465ee728b)
Start importing Assets/5-Sprites/Player/soldier_torso_DW.png using Guid(0eb16f0de63830e46ba15e630fce60f0) Importer(815301076,1909f56bfc062723c751e8b465ee728b)  -> (artifact id: '4d0450cb9258181d206005e51702bab9') in 0.019993 seconds 
========================================================================
Received Import Request.
  Time since last request: 47.916014 seconds.
  path: Assets/1-Scenes
  artifactKey: Guid(6dfd85869103c8947a115d1e79dd5d19) Importer(815301076,1909f56bfc062723c751e8b465ee728b)
Start importing Assets/1-Scenes using Guid(6dfd85869103c8947a115d1e79dd5d19) Importer(815301076,1909f56bfc062723c751e8b465ee728b)  -> (artifact id: '3a4c458eee693061ef1ec5f3730e1c67') in 0.004858 seconds 
